[debug] [2023-03-04T21:41:55.906Z] ----------------------------------------------------------------------
[debug] [2023-03-04T21:41:55.913Z] Command:       C:\Program Files\nodejs\node.exe C:\Users\marta\AppData\Roaming\npm\node_modules\firebase-tools\lib\bin\firebase.js emulators:start
[debug] [2023-03-04T21:41:55.914Z] CLI Version:   11.23.1
[debug] [2023-03-04T21:41:55.915Z] Platform:      win32
[debug] [2023-03-04T21:41:55.915Z] Node Version:  v18.14.0
[debug] [2023-03-04T21:41:55.917Z] Time:          Sun Mar 05 2023 00:41:55 GMT+0300 (East Africa Time)
[debug] [2023-03-04T21:41:55.918Z] ----------------------------------------------------------------------
[debug] 
[debug] [2023-03-04T21:41:56.304Z] > command requires scopes: ["email","openid","https://www.googleapis.com/auth/cloudplatformprojects.readonly","https://www.googleapis.com/auth/firebase","https://www.googleapis.com/auth/cloud-platform"]
[debug] [2023-03-04T21:41:56.305Z] > authorizing via signed-in user (martaassefa23@gmail.com)
[info] i  emulators: Starting emulators: functions, hosting {"metadata":{"emulator":{"name":"hub"},"message":"Starting emulators: functions, hosting"}}
[debug] [2023-03-04T21:41:56.402Z] [logging] Logging Emulator only supports listening on one address (127.0.0.1). Not listening on ::1
[debug] [2023-03-04T21:41:56.403Z] [hosting] Hosting Emulator only supports listening on one address (127.0.0.1). Not listening on ::1
[debug] [2023-03-04T21:41:56.403Z] assigned listening specs for emulators {"user":{"hub":[{"address":"127.0.0.1","family":"IPv4","port":4400},{"address":"::1","family":"IPv6","port":4400}],"ui":[{"address":"127.0.0.1","family":"IPv4","port":4000},{"address":"::1","family":"IPv6","port":4000}],"logging":[{"address":"127.0.0.1","family":"IPv4","port":4500}],"hosting":[{"address":"127.0.0.1","family":"IPv4","port":5000}]},"metadata":{"message":"assigned listening specs for emulators"}}
[debug] [2023-03-04T21:41:56.428Z] [hub] writing locator at C:\Users\marta\AppData\Local\Temp\hub-project-cf9e0.json
[debug] [2023-03-04T21:41:56.584Z] [functions] Functions Emulator only supports listening on one address (127.0.0.1). Not listening on ::1
[debug] [2023-03-04T21:41:56.588Z] [eventarc] Eventarc Emulator only supports listening on one address (127.0.0.1). Not listening on ::1
[debug] [2023-03-04T21:41:56.589Z] late-assigned ports for functions and eventarc emulators {"user":{"hub":[{"address":"127.0.0.1","family":"IPv4","port":4400},{"address":"::1","family":"IPv6","port":4400}],"ui":[{"address":"127.0.0.1","family":"IPv4","port":4000},{"address":"::1","family":"IPv6","port":4000}],"logging":[{"address":"127.0.0.1","family":"IPv4","port":4500}],"hosting":[{"address":"127.0.0.1","family":"IPv4","port":5000}],"functions":[{"address":"127.0.0.1","family":"IPv4","port":5001}],"eventarc":[{"address":"127.0.0.1","family":"IPv4","port":9299}]},"metadata":{"message":"late-assigned ports for functions and eventarc emulators"}}
[warn] !  functions: The following emulators are not running, calls to these services from the Functions emulator will affect production: auth, firestore, database, pubsub, storage {"metadata":{"emulator":{"name":"functions"},"message":"The following emulators are not running, calls to these services from the Functions emulator will affect production: \u001b[1mauth, firestore, database, pubsub, storage\u001b[22m"}}
[debug] [2023-03-04T21:41:56.640Z] defaultcredentials: writing to file C:\Users\marta\AppData\Roaming\firebase\martaassefa23_gmail_com_application_default_credentials.json
[debug] [2023-03-04T21:41:56.656Z] Setting GAC to C:\Users\marta\AppData\Roaming\firebase\martaassefa23_gmail_com_application_default_credentials.json {"metadata":{"emulator":{"name":"functions"},"message":"Setting GAC to C:\\Users\\marta\\AppData\\Roaming\\firebase\\martaassefa23_gmail_com_application_default_credentials.json"}}
[debug] [2023-03-04T21:41:56.664Z] >>> [apiv2][query] GET https://firebase.googleapis.com/v1beta1/projects/project-cf9e0/adminSdkConfig [none]
[debug] [2023-03-04T21:41:57.439Z] <<< [apiv2][status] GET https://firebase.googleapis.com/v1beta1/projects/project-cf9e0/adminSdkConfig 200
[debug] [2023-03-04T21:41:57.440Z] <<< [apiv2][body] GET https://firebase.googleapis.com/v1beta1/projects/project-cf9e0/adminSdkConfig {"projectId":"project-cf9e0","storageBucket":"project-cf9e0.appspot.com"}
[debug] [2023-03-04T21:41:57.500Z] >>> [apiv2][query] GET https://firebasehosting.googleapis.com/v1beta1/projects/project-cf9e0/sites 
[debug] [2023-03-04T21:41:59.545Z] <<< [apiv2][status] GET https://firebasehosting.googleapis.com/v1beta1/projects/project-cf9e0/sites 200
[debug] [2023-03-04T21:41:59.546Z] <<< [apiv2][body] GET https://firebasehosting.googleapis.com/v1beta1/projects/project-cf9e0/sites {"sites":[{"name":"projects/project-cf9e0/sites/project-cf9e0","defaultUrl":"https://project-cf9e0.web.app","appId":"1:127241041073:web:ea0da01eebd5cf7fdc5e90","type":"DEFAULT_SITE"}]}
[debug] [2023-03-04T21:41:59.549Z] >>> [apiv2][query] GET https://firebase.googleapis.com/v1beta1/projects/project-cf9e0/webApps/1:127241041073:web:ea0da01eebd5cf7fdc5e90/config [none]
[debug] [2023-03-04T21:42:00.894Z] <<< [apiv2][status] GET https://firebase.googleapis.com/v1beta1/projects/project-cf9e0/webApps/1:127241041073:web:ea0da01eebd5cf7fdc5e90/config 200
[debug] [2023-03-04T21:42:00.894Z] <<< [apiv2][body] GET https://firebase.googleapis.com/v1beta1/projects/project-cf9e0/webApps/1:127241041073:web:ea0da01eebd5cf7fdc5e90/config {"projectId":"project-cf9e0","appId":"1:127241041073:web:ea0da01eebd5cf7fdc5e90","storageBucket":"project-cf9e0.appspot.com","apiKey":"AIzaSyDuFuDySiVBeM0BxKEsFl2cb4EItSwOebg","authDomain":"project-cf9e0.firebaseapp.com","messagingSenderId":"127241041073","measurementId":"G-S248DCEPB2"}
[debug] [2023-03-04T21:42:00.912Z] >>> [apiv2][query] GET https://firebase.googleapis.com/v1beta1/projects/project-cf9e0 [none]
[debug] [2023-03-04T21:42:01.625Z] <<< [apiv2][status] GET https://firebase.googleapis.com/v1beta1/projects/project-cf9e0 200
[debug] [2023-03-04T21:42:01.625Z] <<< [apiv2][body] GET https://firebase.googleapis.com/v1beta1/projects/project-cf9e0 {"projectId":"project-cf9e0","projectNumber":"127241041073","displayName":"AmazonProject","name":"projects/project-cf9e0","resources":{"hostingSite":"project-cf9e0"},"state":"ACTIVE","etag":"1_3069199c-c801-45a0-839f-07c447ada4f7"}
[info] i  hosting[project-cf9e0]: Serving hosting files from: build {"metadata":{"emulator":{"name":"hosting"},"message":"Serving hosting files from: \u001b[1mbuild\u001b[22m"}}
[info] +  hosting[project-cf9e0]: Local server: http://127.0.0.1:5000 {"metadata":{"emulator":{"name":"hosting"},"message":"Local server: \u001b[4m\u001b[1mhttp://127.0.0.1:5000\u001b[22m\u001b[24m"}}
[debug] [2023-03-04T21:42:01.968Z] Ignoring unsupported arg: auto_download {"metadata":{"emulator":{"name":"ui"},"message":"Ignoring unsupported arg: auto_download"}}
[debug] [2023-03-04T21:42:01.968Z] Ignoring unsupported arg: port {"metadata":{"emulator":{"name":"ui"},"message":"Ignoring unsupported arg: port"}}
[debug] [2023-03-04T21:42:01.969Z] Starting Emulator UI with command {"binary":"node","args":["C:\\Users\\marta\\.cache\\firebase\\emulators\\ui-v1.11.4\\server\\server.js"],"optionalArgs":[],"joinArgs":false} {"metadata":{"emulator":{"name":"ui"},"message":"Starting Emulator UI with command {\"binary\":\"node\",\"args\":[\"C:\\\\Users\\\\marta\\\\.cache\\\\firebase\\\\emulators\\\\ui-v1.11.4\\\\server\\\\server.js\"],\"optionalArgs\":[],\"joinArgs\":false}"}}
[info] i  ui: Emulator UI logging to ui-debug.log {"metadata":{"emulator":{"name":"ui"},"message":"Emulator UI logging to \u001b[1mui-debug.log\u001b[22m"}}
[debug] [2023-03-04T21:42:02.219Z] Web / API server started at 127.0.0.1:4000
 {"metadata":{"emulator":{"name":"ui"},"message":"Web / API server started at 127.0.0.1:4000\n"}}
[debug] [2023-03-04T21:42:02.220Z] Web / API server started at ::1:4000
 {"metadata":{"emulator":{"name":"ui"},"message":"Web / API server started at ::1:4000\n"}}
[info] i  functions: Watching "C:\Users\marta\OneDrive\Desktop\Github\amazon_clone\amazoncloneproject\functions" for Cloud Functions... {"metadata":{"emulator":{"name":"functions"},"message":"Watching \"C:\\Users\\marta\\OneDrive\\Desktop\\Github\\amazon_clone\\amazoncloneproject\\functions\" for Cloud Functions..."}}
[debug] [2023-03-04T21:42:02.269Z] Validating nodejs source
[debug] [2023-03-04T21:42:12.321Z] checkFunctionsSDKVersion was unable to fetch information from NPM Error: spawnSync C:\Windows\system32\cmd.exe ETIMEDOUT
    at Object.spawnSync (node:internal/child_process:1110:20)
    at Object.spawnSync (node:child_process:871:24)
    at Function.spawnSync [as sync] (C:\Users\marta\AppData\Roaming\npm\node_modules\firebase-tools\node_modules\cross-spawn\index.js:26:23)
    at Object.getLatestSDKVersion (C:\Users\marta\AppData\Roaming\npm\node_modules\firebase-tools\lib\deploy\functions\runtimes\node\versioning.js:55:25)
    at Object.checkFunctionsSDKVersion (C:\Users\marta\AppData\Roaming\npm\node_modules\firebase-tools\lib\deploy\functions\runtimes\node\versioning.js:76:32)
    at Delegate.validate (C:\Users\marta\AppData\Roaming\npm\node_modules\firebase-tools\lib\deploy\functions\runtimes\node\index.js:84:20)
    at FunctionsEmulator.discoverTriggers (C:\Users\marta\AppData\Roaming\npm\node_modules\firebase-tools\lib\emulator\functionsEmulator.js:291:35)
    at async FunctionsEmulator.loadTriggers (C:\Users\marta\AppData\Roaming\npm\node_modules\firebase-tools\lib\emulator\functionsEmulator.js:320:34)
    at async FunctionsEmulator.connect (C:\Users\marta\AppData\Roaming\npm\node_modules\firebase-tools\lib\emulator\functionsEmulator.js:257:13)
    at async Object.startAll (C:\Users\marta\AppData\Roaming\npm\node_modules\firebase-tools\lib\emulator\controller.js:547:13)
    at async C:\Users\marta\AppData\Roaming\npm\node_modules\firebase-tools\lib\commands\emulators-start.js:32:43
[debug] [2023-03-04T21:42:12.322Z] > [functions] package.json contents: {
  "name": "functions",
  "description": "Cloud Functions for Firebase",
  "scripts": {
    "lint": "eslint .",
    "serve": "firebase emulators:start --only functions",
    "shell": "firebase functions:shell",
    "start": "npm run shell",
    "deploy": "firebase deploy --only functions",
    "logs": "firebase functions:log"
  },
  "engines": {
    "node": "16"
  },
  "main": "index.js",
  "dependencies": {
    "cors": "^2.8.5",
    "express": "^4.18.2",
    "firebase-admin": "^11.5.0",
    "firebase-functions": "^4.2.1",
    "stripe": "^11.11.0"
  },
  "devDependencies": {
    "eslint": "^8.15.0",
    "eslint-config-google": "^0.14.0",
    "firebase-functions-test": "^3.0.0"
  },
  "private": true
}
[debug] [2023-03-04T21:42:12.323Z] Building nodejs source
[debug] [2023-03-04T21:42:12.323Z] Failed to find version of module node: reached end of search path C:\Users\marta\OneDrive\Desktop\Github\amazon_clone\amazoncloneproject\functions\node_modules
[warn] !  functions: Your requested "node" version "16" doesn't match your global version "18". Using node@18 from host. 
[debug] [2023-03-04T21:42:12.328Z] Could not find functions.yaml. Must use http discovery
[debug] [2023-03-04T21:42:12.359Z] Found firebase-functions binary at 'C:\Users\marta\OneDrive\Desktop\Github\amazon_clone\amazoncloneproject\functions\node_modules\.bin\firebase-functions'
[debug] [2023-03-04T21:42:13.304Z] Serving at port 8315

[debug] [2023-03-04T21:42:14.092Z] Got response from /__/functions.yaml {"endpoints":{"api":{"platform":"gcfv1","availableMemoryMb":null,"timeoutSeconds":null,"minInstances":null,"maxInstances":null,"ingressSettings":null,"serviceAccountEmail":null,"vpc":null,"httpsTrigger":{},"entryPoint":"api"}},"specVersion":"v1alpha1","requiredAPIs":[]}
[debug] [2023-03-04T21:42:14.111Z] shutdown requested via /__/quitquitquit

[info] +  functions: Loaded functions definitions from source: api. {"metadata":{"emulator":{"name":"functions"},"message":"Loaded functions definitions from source: api."}}
[info] +  functions[us-central1-api]: http function initialized (http://127.0.0.1:5001/project-cf9e0/us-central1/api). {"metadata":{"emulator":{"name":"functions"},"message":"\u001b[1mhttp\u001b[22m function initialized (http://127.0.0.1:5001/project-cf9e0/us-central1/api)."}}
[info] 
┌─────────────────────────────────────────────────────────────┐
│ ✔  All emulators ready! It is now safe to connect your app. │
│ i  View Emulator UI at http://127.0.0.1:4000/               │
└─────────────────────────────────────────────────────────────┘

┌───────────┬────────────────┬─────────────────────────────────┐
│ Emulator  │ Host:Port      │ View in Emulator UI             │
├───────────┼────────────────┼─────────────────────────────────┤
│ Functions │ 127.0.0.1:5001 │ http://127.0.0.1:4000/functions │
├───────────┼────────────────┼─────────────────────────────────┤
│ Hosting   │ 127.0.0.1:5000 │ n/a                             │
└───────────┴────────────────┴─────────────────────────────────┘
  Emulator Hub running at 127.0.0.1:4400
  Other reserved ports: 4500

Issues? Report them at https://github.com/firebase/firebase-tools/issues and attach the *-debug.log files.
 
[debug] [2023-03-04T21:43:07.137Z] [work-queue] {"queuedWork":["/project-cf9e0/us-central1/api/payments/create-2023-03-04T21:43:07.136Z"],"queueLength":1,"runningWork":[],"workRunningCount":0}
[debug] [2023-03-04T21:43:07.138Z] [work-queue] {"queuedWork":[],"queueLength":0,"runningWork":["/project-cf9e0/us-central1/api/payments/create-2023-03-04T21:43:07.136Z"],"workRunningCount":1}
[debug] [2023-03-04T21:43:07.140Z] Accepted request POST /project-cf9e0/us-central1/api/payments/create?total=2392 --> us-central1-api
[debug] [2023-03-04T21:43:07.150Z] [functions] Runtime ready! Sending request! {"metadata":{"emulator":{"name":"functions"},"message":"[functions] Runtime ready! Sending request!"}}
[debug] [2023-03-04T21:43:07.152Z] [functions] Got req.url=/project-cf9e0/us-central1/api/payments/create?total=2392, mapping to path=/payments/create?total=2392 {"metadata":{"emulator":{"name":"functions"},"message":"[functions] Got req.url=/project-cf9e0/us-central1/api/payments/create?total=2392, mapping to path=/payments/create?total=2392"}}
[debug] [2023-03-04T21:43:07.184Z] [worker-pool] addWorker(us-central1-api) {"metadata":{"emulator":{"name":"functions"},"message":"[worker-pool] addWorker(us-central1-api)"}}
[debug] [2023-03-04T21:43:07.186Z] [worker-pool] Adding worker with key us-central1-api, total=1 {"metadata":{"emulator":{"name":"functions"},"message":"[worker-pool] Adding worker with key us-central1-api, total=1"}}
[debug] [2023-03-04T21:43:07.209Z] [work-queue] {"queuedWork":["/project-cf9e0/us-central1/api/payments/create-2023-03-04T21:43:07.209Z"],"queueLength":1,"runningWork":["/project-cf9e0/us-central1/api/payments/create-2023-03-04T21:43:07.136Z"],"workRunningCount":1}
[debug] [2023-03-04T21:43:07.210Z] [work-queue] {"queuedWork":[],"queueLength":0,"runningWork":["/project-cf9e0/us-central1/api/payments/create-2023-03-04T21:43:07.136Z","/project-cf9e0/us-central1/api/payments/create-2023-03-04T21:43:07.209Z"],"workRunningCount":2}
[debug] [2023-03-04T21:43:07.211Z] Accepted request POST /project-cf9e0/us-central1/api/payments/create?total=2392 --> us-central1-api
[debug] [2023-03-04T21:43:07.221Z] [functions] Runtime ready! Sending request! {"metadata":{"emulator":{"name":"functions"},"message":"[functions] Runtime ready! Sending request!"}}
[debug] [2023-03-04T21:43:07.222Z] [functions] Got req.url=/project-cf9e0/us-central1/api/payments/create?total=2392, mapping to path=/payments/create?total=2392 {"metadata":{"emulator":{"name":"functions"},"message":"[functions] Got req.url=/project-cf9e0/us-central1/api/payments/create?total=2392, mapping to path=/payments/create?total=2392"}}
[debug] [2023-03-04T21:43:07.267Z] [worker-pool] addWorker(us-central1-api) {"metadata":{"emulator":{"name":"functions"},"message":"[worker-pool] addWorker(us-central1-api)"}}
[debug] [2023-03-04T21:43:07.268Z] [worker-pool] Adding worker with key us-central1-api, total=2 {"metadata":{"emulator":{"name":"functions"},"message":"[worker-pool] Adding worker with key us-central1-api, total=2"}}
[debug] [2023-03-04T21:43:10.450Z] [runtime-status] [17208] Resolved module firebase-admin {"declared":true,"installed":true,"version":"11.5.0","resolution":"C:\\Users\\marta\\OneDrive\\Desktop\\Github\\amazon_clone\\amazoncloneproject\\functions\\node_modules\\firebase-admin\\lib\\index.js"} {"metadata":{"emulator":{"name":"functions"},"function":{"name":"us-central1-api"},"extension":{},"message":"[runtime-status] [17208] Resolved module firebase-admin {\"declared\":true,\"installed\":true,\"version\":\"11.5.0\",\"resolution\":\"C:\\\\Users\\\\marta\\\\OneDrive\\\\Desktop\\\\Github\\\\amazon_clone\\\\amazoncloneproject\\\\functions\\\\node_modules\\\\firebase-admin\\\\lib\\\\index.js\"}"}}
[debug] [2023-03-04T21:43:10.453Z] [runtime-status] [17208] Resolved module firebase-functions {"declared":true,"installed":true,"version":"4.2.1","resolution":"C:\\Users\\marta\\OneDrive\\Desktop\\Github\\amazon_clone\\amazoncloneproject\\functions\\node_modules\\firebase-functions\\lib\\v1\\index.js"} {"metadata":{"emulator":{"name":"functions"},"function":{"name":"us-central1-api"},"extension":{},"message":"[runtime-status] [17208] Resolved module firebase-functions {\"declared\":true,\"installed\":true,\"version\":\"4.2.1\",\"resolution\":\"C:\\\\Users\\\\marta\\\\OneDrive\\\\Desktop\\\\Github\\\\amazon_clone\\\\amazoncloneproject\\\\functions\\\\node_modules\\\\firebase-functions\\\\lib\\\\v1\\\\index.js\"}"}}
[debug] [2023-03-04T21:43:10.456Z] [runtime-status] [17208] Outgoing network have been stubbed. [{"name":"http","status":"mocked"},{"name":"http","status":"mocked"},{"name":"https","status":"mocked"},{"name":"https","status":"mocked"},{"name":"net","status":"mocked"}] {"metadata":{"emulator":{"name":"functions"},"function":{"name":"us-central1-api"},"extension":{},"message":"[runtime-status] [17208] Outgoing network have been stubbed. [{\"name\":\"http\",\"status\":\"mocked\"},{\"name\":\"http\",\"status\":\"mocked\"},{\"name\":\"https\",\"status\":\"mocked\"},{\"name\":\"https\",\"status\":\"mocked\"},{\"name\":\"net\",\"status\":\"mocked\"}]"}}
[debug] [2023-03-04T21:43:10.458Z] [runtime-status] [7252] Resolved module firebase-admin {"declared":true,"installed":true,"version":"11.5.0","resolution":"C:\\Users\\marta\\OneDrive\\Desktop\\Github\\amazon_clone\\amazoncloneproject\\functions\\node_modules\\firebase-admin\\lib\\index.js"} {"metadata":{"emulator":{"name":"functions"},"function":{"name":"us-central1-api"},"extension":{},"message":"[runtime-status] [7252] Resolved module firebase-admin {\"declared\":true,\"installed\":true,\"version\":\"11.5.0\",\"resolution\":\"C:\\\\Users\\\\marta\\\\OneDrive\\\\Desktop\\\\Github\\\\amazon_clone\\\\amazoncloneproject\\\\functions\\\\node_modules\\\\firebase-admin\\\\lib\\\\index.js\"}"}}
[debug] [2023-03-04T21:43:10.460Z] [runtime-status] [17208] Resolved module firebase-functions {"declared":true,"installed":true,"version":"4.2.1","resolution":"C:\\Users\\marta\\OneDrive\\Desktop\\Github\\amazon_clone\\amazoncloneproject\\functions\\node_modules\\firebase-functions\\lib\\v1\\index.js"} {"metadata":{"emulator":{"name":"functions"},"function":{"name":"us-central1-api"},"extension":{},"message":"[runtime-status] [17208] Resolved module firebase-functions {\"declared\":true,\"installed\":true,\"version\":\"4.2.1\",\"resolution\":\"C:\\\\Users\\\\marta\\\\OneDrive\\\\Desktop\\\\Github\\\\amazon_clone\\\\amazoncloneproject\\\\functions\\\\node_modules\\\\firebase-functions\\\\lib\\\\v1\\\\index.js\"}"}}
[debug] [2023-03-04T21:43:10.463Z] [runtime-status] [7252] Resolved module firebase-functions {"declared":true,"installed":true,"version":"4.2.1","resolution":"C:\\Users\\marta\\OneDrive\\Desktop\\Github\\amazon_clone\\amazoncloneproject\\functions\\node_modules\\firebase-functions\\lib\\v1\\index.js"} {"metadata":{"emulator":{"name":"functions"},"function":{"name":"us-central1-api"},"extension":{},"message":"[runtime-status] [7252] Resolved module firebase-functions {\"declared\":true,\"installed\":true,\"version\":\"4.2.1\",\"resolution\":\"C:\\\\Users\\\\marta\\\\OneDrive\\\\Desktop\\\\Github\\\\amazon_clone\\\\amazoncloneproject\\\\functions\\\\node_modules\\\\firebase-functions\\\\lib\\\\v1\\\\index.js\"}"}}
[debug] [2023-03-04T21:43:10.464Z] [runtime-status] [7252] Outgoing network have been stubbed. [{"name":"http","status":"mocked"},{"name":"http","status":"mocked"},{"name":"https","status":"mocked"},{"name":"https","status":"mocked"},{"name":"net","status":"mocked"}] {"metadata":{"emulator":{"name":"functions"},"function":{"name":"us-central1-api"},"extension":{},"message":"[runtime-status] [7252] Outgoing network have been stubbed. [{\"name\":\"http\",\"status\":\"mocked\"},{\"name\":\"http\",\"status\":\"mocked\"},{\"name\":\"https\",\"status\":\"mocked\"},{\"name\":\"https\",\"status\":\"mocked\"},{\"name\":\"net\",\"status\":\"mocked\"}]"}}
[debug] [2023-03-04T21:43:10.466Z] [runtime-status] [7252] Resolved module firebase-functions {"declared":true,"installed":true,"version":"4.2.1","resolution":"C:\\Users\\marta\\OneDrive\\Desktop\\Github\\amazon_clone\\amazoncloneproject\\functions\\node_modules\\firebase-functions\\lib\\v1\\index.js"} {"metadata":{"emulator":{"name":"functions"},"function":{"name":"us-central1-api"},"extension":{},"message":"[runtime-status] [7252] Resolved module firebase-functions {\"declared\":true,\"installed\":true,\"version\":\"4.2.1\",\"resolution\":\"C:\\\\Users\\\\marta\\\\OneDrive\\\\Desktop\\\\Github\\\\amazon_clone\\\\amazoncloneproject\\\\functions\\\\node_modules\\\\firebase-functions\\\\lib\\\\v1\\\\index.js\"}"}}
[debug] [2023-03-04T21:43:11.011Z] [runtime-status] [7252] Checked functions.config() {"config":{}} {"metadata":{"emulator":{"name":"functions"},"function":{"name":"us-central1-api"},"extension":{},"message":"[runtime-status] [7252] Checked functions.config() {\"config\":{}}"}}
[debug] [2023-03-04T21:43:11.012Z] [runtime-status] [7252] firebase-functions has been stubbed. {"functionsResolution":{"declared":true,"installed":true,"version":"4.2.1","resolution":"C:\\Users\\marta\\OneDrive\\Desktop\\Github\\amazon_clone\\amazoncloneproject\\functions\\node_modules\\firebase-functions\\lib\\v1\\index.js"}} {"metadata":{"emulator":{"name":"functions"},"function":{"name":"us-central1-api"},"extension":{},"message":"[runtime-status] [7252] firebase-functions has been stubbed. {\"functionsResolution\":{\"declared\":true,\"installed\":true,\"version\":\"4.2.1\",\"resolution\":\"C:\\\\Users\\\\marta\\\\OneDrive\\\\Desktop\\\\Github\\\\amazon_clone\\\\amazoncloneproject\\\\functions\\\\node_modules\\\\firebase-functions\\\\lib\\\\v1\\\\index.js\"}}"}}
[debug] [2023-03-04T21:43:11.013Z] [runtime-status] [7252] Resolved module firebase-functions {"declared":true,"installed":true,"version":"4.2.1","resolution":"C:\\Users\\marta\\OneDrive\\Desktop\\Github\\amazon_clone\\amazoncloneproject\\functions\\node_modules\\firebase-functions\\lib\\v1\\index.js"} {"metadata":{"emulator":{"name":"functions"},"function":{"name":"us-central1-api"},"extension":{},"message":"[runtime-status] [7252] Resolved module firebase-functions {\"declared\":true,\"installed\":true,\"version\":\"4.2.1\",\"resolution\":\"C:\\\\Users\\\\marta\\\\OneDrive\\\\Desktop\\\\Github\\\\amazon_clone\\\\amazoncloneproject\\\\functions\\\\node_modules\\\\firebase-functions\\\\lib\\\\v1\\\\index.js\"}"}}
[debug] [2023-03-04T21:43:11.015Z] [runtime-status] [17208] Checked functions.config() {"config":{}} {"metadata":{"emulator":{"name":"functions"},"function":{"name":"us-central1-api"},"extension":{},"message":"[runtime-status] [17208] Checked functions.config() {\"config\":{}}"}}
[debug] [2023-03-04T21:43:11.016Z] [runtime-status] [17208] firebase-functions has been stubbed. {"functionsResolution":{"declared":true,"installed":true,"version":"4.2.1","resolution":"C:\\Users\\marta\\OneDrive\\Desktop\\Github\\amazon_clone\\amazoncloneproject\\functions\\node_modules\\firebase-functions\\lib\\v1\\index.js"}} {"metadata":{"emulator":{"name":"functions"},"function":{"name":"us-central1-api"},"extension":{},"message":"[runtime-status] [17208] firebase-functions has been stubbed. {\"functionsResolution\":{\"declared\":true,\"installed\":true,\"version\":\"4.2.1\",\"resolution\":\"C:\\\\Users\\\\marta\\\\OneDrive\\\\Desktop\\\\Github\\\\amazon_clone\\\\amazoncloneproject\\\\functions\\\\node_modules\\\\firebase-functions\\\\lib\\\\v1\\\\index.js\"}}"}}
[debug] [2023-03-04T21:43:11.016Z] [runtime-status] [7252] Resolved module firebase-admin {"declared":true,"installed":true,"version":"11.5.0","resolution":"C:\\Users\\marta\\OneDrive\\Desktop\\Github\\amazon_clone\\amazoncloneproject\\functions\\node_modules\\firebase-admin\\lib\\index.js"} {"metadata":{"emulator":{"name":"functions"},"function":{"name":"us-central1-api"},"extension":{},"message":"[runtime-status] [7252] Resolved module firebase-admin {\"declared\":true,\"installed\":true,\"version\":\"11.5.0\",\"resolution\":\"C:\\\\Users\\\\marta\\\\OneDrive\\\\Desktop\\\\Github\\\\amazon_clone\\\\amazoncloneproject\\\\functions\\\\node_modules\\\\firebase-admin\\\\lib\\\\index.js\"}"}}
[debug] [2023-03-04T21:43:11.018Z] [runtime-status] [17208] Resolved module firebase-functions {"declared":true,"installed":true,"version":"4.2.1","resolution":"C:\\Users\\marta\\OneDrive\\Desktop\\Github\\amazon_clone\\amazoncloneproject\\functions\\node_modules\\firebase-functions\\lib\\v1\\index.js"} {"metadata":{"emulator":{"name":"functions"},"function":{"name":"us-central1-api"},"extension":{},"message":"[runtime-status] [17208] Resolved module firebase-functions {\"declared\":true,\"installed\":true,\"version\":\"4.2.1\",\"resolution\":\"C:\\\\Users\\\\marta\\\\OneDrive\\\\Desktop\\\\Github\\\\amazon_clone\\\\amazoncloneproject\\\\functions\\\\node_modules\\\\firebase-functions\\\\lib\\\\v1\\\\index.js\"}"}}
[debug] [2023-03-04T21:43:11.023Z] [runtime-status] [7252] Resolved module firebase-functions {"declared":true,"installed":true,"version":"4.2.1","resolution":"C:\\Users\\marta\\OneDrive\\Desktop\\Github\\amazon_clone\\amazoncloneproject\\functions\\node_modules\\firebase-functions\\lib\\v1\\index.js"} {"metadata":{"emulator":{"name":"functions"},"function":{"name":"us-central1-api"},"extension":{},"message":"[runtime-status] [7252] Resolved module firebase-functions {\"declared\":true,\"installed\":true,\"version\":\"4.2.1\",\"resolution\":\"C:\\\\Users\\\\marta\\\\OneDrive\\\\Desktop\\\\Github\\\\amazon_clone\\\\amazoncloneproject\\\\functions\\\\node_modules\\\\firebase-functions\\\\lib\\\\v1\\\\index.js\"}"}}
[debug] [2023-03-04T21:43:11.023Z] [runtime-status] [7252] firebase-admin has been stubbed. {"adminResolution":{"declared":true,"installed":true,"version":"11.5.0","resolution":"C:\\Users\\marta\\OneDrive\\Desktop\\Github\\amazon_clone\\amazoncloneproject\\functions\\node_modules\\firebase-admin\\lib\\index.js"}} {"metadata":{"emulator":{"name":"functions"},"function":{"name":"us-central1-api"},"extension":{},"message":"[runtime-status] [7252] firebase-admin has been stubbed. {\"adminResolution\":{\"declared\":true,\"installed\":true,\"version\":\"11.5.0\",\"resolution\":\"C:\\\\Users\\\\marta\\\\OneDrive\\\\Desktop\\\\Github\\\\amazon_clone\\\\amazoncloneproject\\\\functions\\\\node_modules\\\\firebase-admin\\\\lib\\\\index.js\"}}"}}
[debug] [2023-03-04T21:43:11.025Z] [runtime-status] [17208] Resolved module firebase-admin {"declared":true,"installed":true,"version":"11.5.0","resolution":"C:\\Users\\marta\\OneDrive\\Desktop\\Github\\amazon_clone\\amazoncloneproject\\functions\\node_modules\\firebase-admin\\lib\\index.js"} {"metadata":{"emulator":{"name":"functions"},"function":{"name":"us-central1-api"},"extension":{},"message":"[runtime-status] [17208] Resolved module firebase-admin {\"declared\":true,\"installed\":true,\"version\":\"11.5.0\",\"resolution\":\"C:\\\\Users\\\\marta\\\\OneDrive\\\\Desktop\\\\Github\\\\amazon_clone\\\\amazoncloneproject\\\\functions\\\\node_modules\\\\firebase-admin\\\\lib\\\\index.js\"}"}}
[debug] [2023-03-04T21:43:11.032Z] [runtime-status] [17208] Resolved module firebase-functions {"declared":true,"installed":true,"version":"4.2.1","resolution":"C:\\Users\\marta\\OneDrive\\Desktop\\Github\\amazon_clone\\amazoncloneproject\\functions\\node_modules\\firebase-functions\\lib\\v1\\index.js"} {"metadata":{"emulator":{"name":"functions"},"function":{"name":"us-central1-api"},"extension":{},"message":"[runtime-status] [17208] Resolved module firebase-functions {\"declared\":true,\"installed\":true,\"version\":\"4.2.1\",\"resolution\":\"C:\\\\Users\\\\marta\\\\OneDrive\\\\Desktop\\\\Github\\\\amazon_clone\\\\amazoncloneproject\\\\functions\\\\node_modules\\\\firebase-functions\\\\lib\\\\v1\\\\index.js\"}"}}
[debug] [2023-03-04T21:43:11.033Z] [runtime-status] [17208] firebase-admin has been stubbed. {"adminResolution":{"declared":true,"installed":true,"version":"11.5.0","resolution":"C:\\Users\\marta\\OneDrive\\Desktop\\Github\\amazon_clone\\amazoncloneproject\\functions\\node_modules\\firebase-admin\\lib\\index.js"}} {"metadata":{"emulator":{"name":"functions"},"function":{"name":"us-central1-api"},"extension":{},"message":"[runtime-status] [17208] firebase-admin has been stubbed. {\"adminResolution\":{\"declared\":true,\"installed\":true,\"version\":\"11.5.0\",\"resolution\":\"C:\\\\Users\\\\marta\\\\OneDrive\\\\Desktop\\\\Github\\\\amazon_clone\\\\amazoncloneproject\\\\functions\\\\node_modules\\\\firebase-admin\\\\lib\\\\index.js\"}}"}}
[debug] [2023-03-04T21:43:11.582Z] [runtime-status] [17208] Functions runtime initialized. {"cwd":"C:\\Users\\marta\\OneDrive\\Desktop\\Github\\amazon_clone\\amazoncloneproject\\functions","node_version":"18.14.0"} {"metadata":{"emulator":{"name":"functions"},"function":{"name":"us-central1-api"},"extension":{},"message":"[runtime-status] [17208] Functions runtime initialized. {\"cwd\":\"C:\\\\Users\\\\marta\\\\OneDrive\\\\Desktop\\\\Github\\\\amazon_clone\\\\amazoncloneproject\\\\functions\",\"node_version\":\"18.14.0\"}"}}
[debug] [2023-03-04T21:43:11.583Z] [runtime-status] [17208] Listening to port: \\?\pipe\fire_emu_02042ea60ca3b3e8 {"metadata":{"emulator":{"name":"functions"},"function":{"name":"us-central1-api"},"extension":{},"message":"[runtime-status] [17208] Listening to port: \\\\?\\pipe\\fire_emu_02042ea60ca3b3e8"}}
[debug] [2023-03-04T21:43:11.606Z] [runtime-status] [7252] Functions runtime initialized. {"cwd":"C:\\Users\\marta\\OneDrive\\Desktop\\Github\\amazon_clone\\amazoncloneproject\\functions","node_version":"18.14.0"} {"metadata":{"emulator":{"name":"functions"},"function":{"name":"us-central1-api"},"extension":{},"message":"[runtime-status] [7252] Functions runtime initialized. {\"cwd\":\"C:\\\\Users\\\\marta\\\\OneDrive\\\\Desktop\\\\Github\\\\amazon_clone\\\\amazoncloneproject\\\\functions\",\"node_version\":\"18.14.0\"}"}}
[debug] [2023-03-04T21:43:11.606Z] [runtime-status] [7252] Listening to port: \\?\pipe\fire_emu_977f903e18e39352 {"metadata":{"emulator":{"name":"functions"},"function":{"name":"us-central1-api"},"extension":{},"message":"[runtime-status] [7252] Listening to port: \\\\?\\pipe\\fire_emu_977f903e18e39352"}}
[debug] [2023-03-04T21:43:11.629Z] [worker-us-central1-api-57e652bb-96da-4c4b-a04f-bd7643138c45]: IDLE {"metadata":{"emulator":{"name":"functions"},"function":{"name":"us-central1-api"},"extension":{},"message":"[worker-us-central1-api-57e652bb-96da-4c4b-a04f-bd7643138c45]: IDLE"}}
[debug] [2023-03-04T21:43:11.630Z] [worker-pool] submitRequest(triggerId=us-central1-api) {"metadata":{"emulator":{"name":"functions"},"message":"[worker-pool] submitRequest(triggerId=us-central1-api)"}}
[info] i  functions: Beginning execution of "us-central1-api" {"metadata":{"emulator":{"name":"functions"},"function":{"name":"us-central1-api"},"extension":{},"message":"Beginning execution of \"us-central1-api\""}}
[debug] [2023-03-04T21:43:11.631Z] [worker-us-central1-api-57e652bb-96da-4c4b-a04f-bd7643138c45]: BUSY {"metadata":{"emulator":{"name":"functions"},"function":{"name":"us-central1-api"},"extension":{},"message":"[worker-us-central1-api-57e652bb-96da-4c4b-a04f-bd7643138c45]: BUSY"}}
[info] >  Payment Request Recieved BOOM!!! for this amount >>> 2392 {"user":"Payment Request Recieved BOOM!!! for this amount >>> 2392","metadata":{"emulator":{"name":"functions"},"function":{"name":"us-central1-api"},"extension":{},"message":"\u001b[90m> \u001b[39m Payment Request Recieved BOOM!!! for this amount >>> 2392"}}
[debug] [2023-03-04T21:43:11.677Z] [worker-us-central1-api-23b7a2b2-5cf0-40e9-9a65-f57763326e27]: IDLE {"metadata":{"emulator":{"name":"functions"},"function":{"name":"us-central1-api"},"extension":{},"message":"[worker-us-central1-api-23b7a2b2-5cf0-40e9-9a65-f57763326e27]: IDLE"}}
[debug] [2023-03-04T21:43:11.678Z] [worker-pool] submitRequest(triggerId=us-central1-api) {"metadata":{"emulator":{"name":"functions"},"message":"[worker-pool] submitRequest(triggerId=us-central1-api)"}}
[info] i  functions: Beginning execution of "us-central1-api" {"metadata":{"emulator":{"name":"functions"},"function":{"name":"us-central1-api"},"extension":{},"message":"Beginning execution of \"us-central1-api\""}}
[debug] [2023-03-04T21:43:11.679Z] [worker-us-central1-api-23b7a2b2-5cf0-40e9-9a65-f57763326e27]: BUSY {"metadata":{"emulator":{"name":"functions"},"function":{"name":"us-central1-api"},"extension":{},"message":"[worker-us-central1-api-23b7a2b2-5cf0-40e9-9a65-f57763326e27]: BUSY"}}
[info] >  Payment Request Recieved BOOM!!! for this amount >>> 2392 {"user":"Payment Request Recieved BOOM!!! for this amount >>> 2392","metadata":{"emulator":{"name":"functions"},"function":{"name":"us-central1-api"},"extension":{},"message":"\u001b[90m> \u001b[39m Payment Request Recieved BOOM!!! for this amount >>> 2392"}}
[info] i  functions: Finished "us-central1-api" in 1229.2852ms {"metadata":{"emulator":{"name":"functions"},"function":{"name":"us-central1-api"},"extension":{},"message":"Finished \"us-central1-api\" in 1229.2852ms"}}
[debug] [2023-03-04T21:43:12.862Z] [worker-us-central1-api-57e652bb-96da-4c4b-a04f-bd7643138c45]: IDLE {"metadata":{"emulator":{"name":"functions"},"function":{"name":"us-central1-api"},"extension":{},"message":"[worker-us-central1-api-57e652bb-96da-4c4b-a04f-bd7643138c45]: IDLE"}}
[debug] [2023-03-04T21:43:12.862Z] [work-queue] {"queuedWork":[],"queueLength":0,"runningWork":["/project-cf9e0/us-central1/api/payments/create-2023-03-04T21:43:07.136Z"],"workRunningCount":1}
[info] i  functions: Finished "us-central1-api" in 1199.7326ms {"metadata":{"emulator":{"name":"functions"},"function":{"name":"us-central1-api"},"extension":{},"message":"Finished \"us-central1-api\" in 1199.7326ms"}}
[debug] [2023-03-04T21:43:12.880Z] [worker-us-central1-api-23b7a2b2-5cf0-40e9-9a65-f57763326e27]: IDLE {"metadata":{"emulator":{"name":"functions"},"function":{"name":"us-central1-api"},"extension":{},"message":"[worker-us-central1-api-23b7a2b2-5cf0-40e9-9a65-f57763326e27]: IDLE"}}
[debug] [2023-03-04T21:43:12.880Z] [work-queue] {"queuedWork":[],"queueLength":0,"runningWork":[],"workRunningCount":0}
[debug] [2023-03-04T21:49:34.743Z] [work-queue] {"queuedWork":["/project-cf9e0/us-central1/api/payments/create-2023-03-04T21:49:34.743Z"],"queueLength":1,"runningWork":[],"workRunningCount":0}
[debug] [2023-03-04T21:49:34.744Z] [work-queue] {"queuedWork":[],"queueLength":0,"runningWork":["/project-cf9e0/us-central1/api/payments/create-2023-03-04T21:49:34.743Z"],"workRunningCount":1}
[debug] [2023-03-04T21:49:34.744Z] Accepted request POST /project-cf9e0/us-central1/api/payments/create?total=2392 --> us-central1-api
[debug] [2023-03-04T21:49:34.755Z] [functions] Runtime ready! Sending request! {"metadata":{"emulator":{"name":"functions"},"message":"[functions] Runtime ready! Sending request!"}}
[debug] [2023-03-04T21:49:34.755Z] [functions] Got req.url=/project-cf9e0/us-central1/api/payments/create?total=2392, mapping to path=/payments/create?total=2392 {"metadata":{"emulator":{"name":"functions"},"message":"[functions] Got req.url=/project-cf9e0/us-central1/api/payments/create?total=2392, mapping to path=/payments/create?total=2392"}}
[debug] [2023-03-04T21:49:34.755Z] [worker-pool] submitRequest(triggerId=us-central1-api) {"metadata":{"emulator":{"name":"functions"},"message":"[worker-pool] submitRequest(triggerId=us-central1-api)"}}
[info] i  functions: Beginning execution of "us-central1-api" {"metadata":{"emulator":{"name":"functions"},"function":{"name":"us-central1-api"},"extension":{},"message":"Beginning execution of \"us-central1-api\""}}
[debug] [2023-03-04T21:49:34.768Z] [worker-us-central1-api-23b7a2b2-5cf0-40e9-9a65-f57763326e27]: BUSY {"metadata":{"emulator":{"name":"functions"},"function":{"name":"us-central1-api"},"extension":{},"message":"[worker-us-central1-api-23b7a2b2-5cf0-40e9-9a65-f57763326e27]: BUSY"}}
[debug] [2023-03-04T21:49:34.772Z] [work-queue] {"queuedWork":["/project-cf9e0/us-central1/api/payments/create-2023-03-04T21:49:34.771Z"],"queueLength":1,"runningWork":["/project-cf9e0/us-central1/api/payments/create-2023-03-04T21:49:34.743Z"],"workRunningCount":1}
[debug] [2023-03-04T21:49:34.772Z] [work-queue] {"queuedWork":[],"queueLength":0,"runningWork":["/project-cf9e0/us-central1/api/payments/create-2023-03-04T21:49:34.743Z","/project-cf9e0/us-central1/api/payments/create-2023-03-04T21:49:34.771Z"],"workRunningCount":2}
[debug] [2023-03-04T21:49:34.772Z] Accepted request POST /project-cf9e0/us-central1/api/payments/create?total=2392 --> us-central1-api
[debug] [2023-03-04T21:49:34.781Z] [functions] Runtime ready! Sending request! {"metadata":{"emulator":{"name":"functions"},"message":"[functions] Runtime ready! Sending request!"}}
[debug] [2023-03-04T21:49:34.782Z] [functions] Got req.url=/project-cf9e0/us-central1/api/payments/create?total=2392, mapping to path=/payments/create?total=2392 {"metadata":{"emulator":{"name":"functions"},"message":"[functions] Got req.url=/project-cf9e0/us-central1/api/payments/create?total=2392, mapping to path=/payments/create?total=2392"}}
[debug] [2023-03-04T21:49:34.782Z] [worker-pool] submitRequest(triggerId=us-central1-api) {"metadata":{"emulator":{"name":"functions"},"message":"[worker-pool] submitRequest(triggerId=us-central1-api)"}}
[info] i  functions: Beginning execution of "us-central1-api" {"metadata":{"emulator":{"name":"functions"},"function":{"name":"us-central1-api"},"extension":{},"message":"Beginning execution of \"us-central1-api\""}}
[debug] [2023-03-04T21:49:34.783Z] [worker-us-central1-api-57e652bb-96da-4c4b-a04f-bd7643138c45]: BUSY {"metadata":{"emulator":{"name":"functions"},"function":{"name":"us-central1-api"},"extension":{},"message":"[worker-us-central1-api-57e652bb-96da-4c4b-a04f-bd7643138c45]: BUSY"}}
[info] >  Payment Request Recieved BOOM!!! for this amount >>> 2392 {"user":"Payment Request Recieved BOOM!!! for this amount >>> 2392","metadata":{"emulator":{"name":"functions"},"function":{"name":"us-central1-api"},"extension":{},"message":"\u001b[90m> \u001b[39m Payment Request Recieved BOOM!!! for this amount >>> 2392"}}
[info] >  Payment Request Recieved BOOM!!! for this amount >>> 2392 {"user":"Payment Request Recieved BOOM!!! for this amount >>> 2392","metadata":{"emulator":{"name":"functions"},"function":{"name":"us-central1-api"},"extension":{},"message":"\u001b[90m> \u001b[39m Payment Request Recieved BOOM!!! for this amount >>> 2392"}}
[info] i  functions: Finished "us-central1-api" in 899.7666ms {"metadata":{"emulator":{"name":"functions"},"function":{"name":"us-central1-api"},"extension":{},"message":"Finished \"us-central1-api\" in 899.7666ms"}}
[debug] [2023-03-04T21:49:35.672Z] [worker-us-central1-api-23b7a2b2-5cf0-40e9-9a65-f57763326e27]: IDLE {"metadata":{"emulator":{"name":"functions"},"function":{"name":"us-central1-api"},"extension":{},"message":"[worker-us-central1-api-23b7a2b2-5cf0-40e9-9a65-f57763326e27]: IDLE"}}
[debug] [2023-03-04T21:49:35.672Z] [work-queue] {"queuedWork":[],"queueLength":0,"runningWork":["/project-cf9e0/us-central1/api/payments/create-2023-03-04T21:49:34.771Z"],"workRunningCount":1}
[info] i  functions: Finished "us-central1-api" in 894.8626ms {"metadata":{"emulator":{"name":"functions"},"function":{"name":"us-central1-api"},"extension":{},"message":"Finished \"us-central1-api\" in 894.8626ms"}}
[debug] [2023-03-04T21:49:35.680Z] [worker-us-central1-api-57e652bb-96da-4c4b-a04f-bd7643138c45]: IDLE {"metadata":{"emulator":{"name":"functions"},"function":{"name":"us-central1-api"},"extension":{},"message":"[worker-us-central1-api-57e652bb-96da-4c4b-a04f-bd7643138c45]: IDLE"}}
[debug] [2023-03-04T21:49:35.681Z] [work-queue] {"queuedWork":[],"queueLength":0,"runningWork":[],"workRunningCount":0}
[debug] [2023-03-04T22:00:31.645Z] [work-queue] {"queuedWork":["/project-cf9e0/us-central1/api/payments/create-2023-03-04T22:00:31.645Z"],"queueLength":1,"runningWork":[],"workRunningCount":0}
[debug] [2023-03-04T22:00:31.646Z] [work-queue] {"queuedWork":[],"queueLength":0,"runningWork":["/project-cf9e0/us-central1/api/payments/create-2023-03-04T22:00:31.645Z"],"workRunningCount":1}
[debug] [2023-03-04T22:00:31.646Z] Accepted request POST /project-cf9e0/us-central1/api/payments/create?total=1196 --> us-central1-api
[debug] [2023-03-04T22:00:31.694Z] [functions] Runtime ready! Sending request! {"metadata":{"emulator":{"name":"functions"},"message":"[functions] Runtime ready! Sending request!"}}
[debug] [2023-03-04T22:00:31.695Z] [functions] Got req.url=/project-cf9e0/us-central1/api/payments/create?total=1196, mapping to path=/payments/create?total=1196 {"metadata":{"emulator":{"name":"functions"},"message":"[functions] Got req.url=/project-cf9e0/us-central1/api/payments/create?total=1196, mapping to path=/payments/create?total=1196"}}
[debug] [2023-03-04T22:00:31.695Z] [worker-pool] submitRequest(triggerId=us-central1-api) {"metadata":{"emulator":{"name":"functions"},"message":"[worker-pool] submitRequest(triggerId=us-central1-api)"}}
[info] i  functions: Beginning execution of "us-central1-api" {"metadata":{"emulator":{"name":"functions"},"function":{"name":"us-central1-api"},"extension":{},"message":"Beginning execution of \"us-central1-api\""}}
[debug] [2023-03-04T22:00:31.727Z] [worker-us-central1-api-23b7a2b2-5cf0-40e9-9a65-f57763326e27]: BUSY {"metadata":{"emulator":{"name":"functions"},"function":{"name":"us-central1-api"},"extension":{},"message":"[worker-us-central1-api-23b7a2b2-5cf0-40e9-9a65-f57763326e27]: BUSY"}}
[debug] [2023-03-04T22:00:31.740Z] [work-queue] {"queuedWork":["/project-cf9e0/us-central1/api/payments/create-2023-03-04T22:00:31.740Z"],"queueLength":1,"runningWork":["/project-cf9e0/us-central1/api/payments/create-2023-03-04T22:00:31.645Z"],"workRunningCount":1}
[debug] [2023-03-04T22:00:31.740Z] [work-queue] {"queuedWork":[],"queueLength":0,"runningWork":["/project-cf9e0/us-central1/api/payments/create-2023-03-04T22:00:31.645Z","/project-cf9e0/us-central1/api/payments/create-2023-03-04T22:00:31.740Z"],"workRunningCount":2}
[debug] [2023-03-04T22:00:31.740Z] Accepted request POST /project-cf9e0/us-central1/api/payments/create?total=1196 --> us-central1-api
[debug] [2023-03-04T22:00:31.768Z] [functions] Runtime ready! Sending request! {"metadata":{"emulator":{"name":"functions"},"message":"[functions] Runtime ready! Sending request!"}}
[debug] [2023-03-04T22:00:31.769Z] [functions] Got req.url=/project-cf9e0/us-central1/api/payments/create?total=1196, mapping to path=/payments/create?total=1196 {"metadata":{"emulator":{"name":"functions"},"message":"[functions] Got req.url=/project-cf9e0/us-central1/api/payments/create?total=1196, mapping to path=/payments/create?total=1196"}}
[debug] [2023-03-04T22:00:31.769Z] [worker-pool] submitRequest(triggerId=us-central1-api) {"metadata":{"emulator":{"name":"functions"},"message":"[worker-pool] submitRequest(triggerId=us-central1-api)"}}
[info] i  functions: Beginning execution of "us-central1-api" {"metadata":{"emulator":{"name":"functions"},"function":{"name":"us-central1-api"},"extension":{},"message":"Beginning execution of \"us-central1-api\""}}
[debug] [2023-03-04T22:00:31.774Z] [worker-us-central1-api-57e652bb-96da-4c4b-a04f-bd7643138c45]: BUSY {"metadata":{"emulator":{"name":"functions"},"function":{"name":"us-central1-api"},"extension":{},"message":"[worker-us-central1-api-57e652bb-96da-4c4b-a04f-bd7643138c45]: BUSY"}}
[info] >  Payment Request Recieved BOOM!!! for this amount >>> 1196 {"user":"Payment Request Recieved BOOM!!! for this amount >>> 1196","metadata":{"emulator":{"name":"functions"},"function":{"name":"us-central1-api"},"extension":{},"message":"\u001b[90m> \u001b[39m Payment Request Recieved BOOM!!! for this amount >>> 1196"}}
[info] >  Payment Request Recieved BOOM!!! for this amount >>> 1196 {"user":"Payment Request Recieved BOOM!!! for this amount >>> 1196","metadata":{"emulator":{"name":"functions"},"function":{"name":"us-central1-api"},"extension":{},"message":"\u001b[90m> \u001b[39m Payment Request Recieved BOOM!!! for this amount >>> 1196"}}
[info] i  functions: Finished "us-central1-api" in 838.7591ms {"metadata":{"emulator":{"name":"functions"},"function":{"name":"us-central1-api"},"extension":{},"message":"Finished \"us-central1-api\" in 838.7591ms"}}
[debug] [2023-03-04T22:00:32.583Z] [worker-us-central1-api-23b7a2b2-5cf0-40e9-9a65-f57763326e27]: IDLE {"metadata":{"emulator":{"name":"functions"},"function":{"name":"us-central1-api"},"extension":{},"message":"[worker-us-central1-api-23b7a2b2-5cf0-40e9-9a65-f57763326e27]: IDLE"}}
[debug] [2023-03-04T22:00:32.584Z] [work-queue] {"queuedWork":[],"queueLength":0,"runningWork":["/project-cf9e0/us-central1/api/payments/create-2023-03-04T22:00:31.740Z"],"workRunningCount":1}
[info] i  functions: Finished "us-central1-api" in 813.4238ms {"metadata":{"emulator":{"name":"functions"},"function":{"name":"us-central1-api"},"extension":{},"message":"Finished \"us-central1-api\" in 813.4238ms"}}
[debug] [2023-03-04T22:00:32.595Z] [worker-us-central1-api-57e652bb-96da-4c4b-a04f-bd7643138c45]: IDLE {"metadata":{"emulator":{"name":"functions"},"function":{"name":"us-central1-api"},"extension":{},"message":"[worker-us-central1-api-57e652bb-96da-4c4b-a04f-bd7643138c45]: IDLE"}}
[debug] [2023-03-04T22:00:32.596Z] [work-queue] {"queuedWork":[],"queueLength":0,"runningWork":[],"workRunningCount":0}
[debug] [2023-03-04T22:09:36.147Z] File C:\Users\marta\OneDrive\Desktop\Github\amazon_clone\amazoncloneproject\functions\package.json changed, reloading triggers {"metadata":{"emulator":{"name":"functions"},"message":"File C:\\Users\\marta\\OneDrive\\Desktop\\Github\\amazon_clone\\amazoncloneproject\\functions\\package.json changed, reloading triggers"}}
[debug] [2023-03-04T22:09:36.336Z] File C:\Users\marta\OneDrive\Desktop\Github\amazon_clone\amazoncloneproject\functions\package-lock.json changed, reloading triggers {"metadata":{"emulator":{"name":"functions"},"message":"File C:\\Users\\marta\\OneDrive\\Desktop\\Github\\amazon_clone\\amazoncloneproject\\functions\\package-lock.json changed, reloading triggers"}}
[debug] [2023-03-04T22:09:37.350Z] Validating nodejs source
[debug] [2023-03-04T22:09:41.618Z] > [functions] package.json contents: {
  "name": "functions",
  "description": "Cloud Functions for Firebase",
  "scripts": {
    "lint": "eslint .",
    "serve": "firebase emulators:start --only functions",
    "shell": "firebase functions:shell",
    "start": "npm run shell",
    "deploy": "firebase deploy --only functions",
    "logs": "firebase functions:log"
  },
  "engines": {
    "node": "16"
  },
  "main": "index.js",
  "dependencies": {
    "cors": "^2.8.5",
    "express": "^4.18.2",
    "firebase-admin": "^11.5.0",
    "firebase-functions": "^4.2.1",
    "react-stripe-js": "^1.1.3",
    "stripe": "^11.11.0"
  },
  "devDependencies": {
    "eslint": "^8.15.0",
    "eslint-config-google": "^0.14.0",
    "firebase-functions-test": "^3.0.0"
  },
  "private": true
}
[debug] [2023-03-04T22:09:41.618Z] Building nodejs source
[debug] [2023-03-04T22:09:41.618Z] Failed to find version of module node: reached end of search path C:\Users\marta\OneDrive\Desktop\Github\amazon_clone\amazoncloneproject\functions\node_modules
[warn] !  functions: Your requested "node" version "16" doesn't match your global version "18". Using node@18 from host. 
[debug] [2023-03-04T22:09:41.626Z] Could not find functions.yaml. Must use http discovery
[debug] [2023-03-04T22:09:41.639Z] Found firebase-functions binary at 'C:\Users\marta\OneDrive\Desktop\Github\amazon_clone\amazoncloneproject\functions\node_modules\.bin\firebase-functions'
[debug] [2023-03-04T22:09:44.513Z] Serving at port 8156

[debug] [2023-03-04T22:09:49.462Z] Got response from /__/functions.yaml {"endpoints":{"api":{"platform":"gcfv1","availableMemoryMb":null,"timeoutSeconds":null,"minInstances":null,"maxInstances":null,"ingressSettings":null,"serviceAccountEmail":null,"vpc":null,"httpsTrigger":{},"entryPoint":"api"}},"specVersion":"v1alpha1","requiredAPIs":[]}
[debug] [2023-03-04T22:09:49.475Z] shutdown requested via /__/quitquitquit

[info] +  functions: Loaded functions definitions from source: api. {"metadata":{"emulator":{"name":"functions"},"message":"Loaded functions definitions from source: api."}}
[debug] [2023-03-04T22:09:49.509Z] [worker-pool] Shutting down IDLE worker (us-central1-api) {"metadata":{"emulator":{"name":"functions"},"message":"[worker-pool] Shutting down IDLE worker (us-central1-api)"}}
[debug] [2023-03-04T22:09:49.510Z] [worker-us-central1-api-23b7a2b2-5cf0-40e9-9a65-f57763326e27]: FINISHING {"metadata":{"emulator":{"name":"functions"},"function":{"name":"us-central1-api"},"extension":{},"message":"[worker-us-central1-api-23b7a2b2-5cf0-40e9-9a65-f57763326e27]: FINISHING"}}
[debug] [2023-03-04T22:09:49.510Z] [worker-pool] Shutting down IDLE worker (us-central1-api) {"metadata":{"emulator":{"name":"functions"},"message":"[worker-pool] Shutting down IDLE worker (us-central1-api)"}}
[debug] [2023-03-04T22:09:49.510Z] [worker-us-central1-api-57e652bb-96da-4c4b-a04f-bd7643138c45]: FINISHING {"metadata":{"emulator":{"name":"functions"},"function":{"name":"us-central1-api"},"extension":{},"message":"[worker-us-central1-api-57e652bb-96da-4c4b-a04f-bd7643138c45]: FINISHING"}}
[debug] [2023-03-04T22:09:49.541Z] [worker-us-central1-api-23b7a2b2-5cf0-40e9-9a65-f57763326e27]: exited {"metadata":{"emulator":{"name":"functions"},"function":{"name":"us-central1-api"},"extension":{},"message":"[worker-us-central1-api-23b7a2b2-5cf0-40e9-9a65-f57763326e27]: exited"}}
[debug] [2023-03-04T22:09:49.541Z] [worker-us-central1-api-23b7a2b2-5cf0-40e9-9a65-f57763326e27]: FINISHED {"metadata":{"emulator":{"name":"functions"},"function":{"name":"us-central1-api"},"extension":{},"message":"[worker-us-central1-api-23b7a2b2-5cf0-40e9-9a65-f57763326e27]: FINISHED"}}
[debug] [2023-03-04T22:09:49.556Z] [worker-us-central1-api-57e652bb-96da-4c4b-a04f-bd7643138c45]: exited {"metadata":{"emulator":{"name":"functions"},"function":{"name":"us-central1-api"},"extension":{},"message":"[worker-us-central1-api-57e652bb-96da-4c4b-a04f-bd7643138c45]: exited"}}
[debug] [2023-03-04T22:09:49.556Z] [worker-us-central1-api-57e652bb-96da-4c4b-a04f-bd7643138c45]: FINISHED {"metadata":{"emulator":{"name":"functions"},"function":{"name":"us-central1-api"},"extension":{},"message":"[worker-us-central1-api-57e652bb-96da-4c4b-a04f-bd7643138c45]: FINISHED"}}
[debug] [2023-03-04T22:24:56.458Z] Received signal SIGHUP 1
